<?xml version="1.0" encoding="UTF-8"?>
<!-- Generated by org.testng.reporters.JUnitReportReporter -->
<testsuite hostname="Pikachu" name="Tests.test_mcx" tests="1" failures="0" timestamp="20 May 2021 21:16:01 GMT" time="0.197" errors="0">
  <testcase name="checkhomepage" time="0.197" classname="Tests.test_mcx"/>
</testsuite> <!-- Tests.test_mcx -->
