<?xml version="1.0" encoding="UTF-8"?>
<!-- Generated by org.testng.reporters.JUnitReportReporter -->
<testsuite hostname="Pikachu" name="oops.BaseClass" tests="1" failures="0" timestamp="12 May 2021 15:32:11 GMT" time="9.581" errors="0">
  <testcase name="test_method" time="9.581" classname="oops.BaseClass"/>
</testsuite> <!-- oops.BaseClass -->
